<?xml version="1.0" encoding="UTF-8"?>
<!-- Generated by org.testng.reporters.JUnitReportReporter -->
<testsuite hostname="Bhargava" name="com.mobile.Testcases.AddToCartTest" tests="3" failures="0" timestamp="14 Sep 2018 11:38:48 GMT" time="43.601" errors="0">
  <testcase name="searchItem" time="7.591" classname="com.mobile.Testcases.AddToCartTest"/>
  <testcase name="loginTest" time="36.007" classname="com.mobile.Testcases.AddToCartTest"/>
  <testcase name="verifyCart" time="0.003" classname="com.mobile.Testcases.AddToCartTest"/>
</testsuite> <!-- com.mobile.Testcases.AddToCartTest -->
